<?xml version="1.0" encoding="UTF-8"?>
<!-- Generated by org.testng.reporters.JUnitReportReporter -->
<testsuite hostname="DESKTOP-PNV157N" failures="0" tests="2" name="runners.TestRunner" time="45.670" errors="0" timestamp="2025-08-31T12:15:22 IST" skipped="0">
  <testcase classname="runners.TestRunner" name="runScenario" time="31.746"/>
  <testcase classname="runners.TestRunner" name="runScenario" time="13.924"/>
</testsuite> <!-- runners.TestRunner -->
