<?xml version="1.0" encoding="UTF-8"?>
<!-- Generated by org.testng.reporters.JUnitReportReporter -->
<testsuite hostname="DESKTOP-PNV157N" failures="0" tests="2" name="runners.TestRunner" time="129.295" errors="0" timestamp="2025-08-31T15:53:48 IST" skipped="0">
  <testcase classname="runners.TestRunner" name="runScenario" time="61.288"/>
  <testcase classname="runners.TestRunner" name="runScenario" time="68.007"/>
</testsuite> <!-- runners.TestRunner -->
